<?xml version="1.0" encoding="UTF-8"?>
<testng-results total="1" passed="1" failed="0" skipped="0">
  <reporter-output>
  </reporter-output>
  <suite started-at="2023-07-03T17:48:15Z" name="Surefire suite" finished-at="2023-07-03T17:48:15Z" duration-ms="85">
    <groups>
    </groups>
    <test started-at="2023-07-03T17:48:15Z" name="Surefire test" finished-at="2023-07-03T17:48:15Z" duration-ms="85">
      <class name="com.blackboard.com.AppTest">
        <test-method signature="shouldAnswerWithTrue()[pri:0, instance:shouldAnswerWithTrue(com.blackboard.com.AppTest)]" started-at="2023-07-03T12:48:15Z" name="shouldAnswerWithTrue" finished-at="2023-07-03T12:48:15Z" duration-ms="18" status="PASS">
          <reporter-output>
          </reporter-output>
        </test-method> <!-- shouldAnswerWithTrue -->
      </class> <!-- com.blackboard.com.AppTest -->
    </test> <!-- Surefire test -->
  </suite> <!-- Surefire suite -->
</testng-results>
